<?xml version="1.0" encoding="UTF-8"?>
<!-- Generated by org.testng.reporters.JUnitXMLReporter -->
<testsuite ignored="0" hostname="DESKTOP-T57P5HU" failures="0" tests="5" name="Default test" time="666.912" errors="0" timestamp="2023-06-07T15:54:47 ICT">
  <testcase classname="executionEngine.TestScript_Keyword" name="excute_Register" time="234.126"/>
  <testcase classname="executionEngine.TestScript_Keyword" name="excute_Login" time="164.758"/>
  <testcase classname="executionEngine.TestScript_Keyword" name="excute_Search" time="111.729"/>
  <testcase classname="executionEngine.TestScript_Keyword" name="excute_Cart" time="84.063"/>
  <testcase classname="executionEngine.TestScript_Keyword" name="excute_Order" time="70.921"/>
</testsuite> <!-- Default test -->
