<?xml version="1.0" encoding="UTF-8"?>
<testng-results ignored="0" total="5" passed="5" failed="0" skipped="0">
  <reporter-output>
  </reporter-output>
  <suite started-at="2023-06-07T15:43:39 ICT" name="Default suite" finished-at="2023-06-07T15:54:46 ICT" duration-ms="666912">
    <groups>
    </groups>
    <test started-at="2023-06-07T15:43:39 ICT" name="Default test" finished-at="2023-06-07T15:54:46 ICT" duration-ms="666912">
      <class name="executionEngine.TestScript_Keyword">
        <test-method signature="excute_Register()[pri:1, instance:executionEngine.TestScript_Keyword@327bcebd]" started-at="2023-06-07T15:43:40 ICT" name="excute_Register" finished-at="2023-06-07T15:47:34 ICT" duration-ms="234126" status="PASS">
          <reporter-output>
          </reporter-output>
        </test-method> <!-- excute_Register -->
        <test-method signature="excute_Login()[pri:2, instance:executionEngine.TestScript_Keyword@327bcebd]" started-at="2023-06-07T15:47:34 ICT" name="excute_Login" finished-at="2023-06-07T15:50:19 ICT" duration-ms="164758" status="PASS">
          <reporter-output>
          </reporter-output>
        </test-method> <!-- excute_Login -->
        <test-method signature="excute_Search()[pri:3, instance:executionEngine.TestScript_Keyword@327bcebd]" started-at="2023-06-07T15:50:19 ICT" name="excute_Search" finished-at="2023-06-07T15:52:11 ICT" duration-ms="111729" status="PASS">
          <reporter-output>
          </reporter-output>
        </test-method> <!-- excute_Search -->
        <test-method signature="excute_Cart()[pri:4, instance:executionEngine.TestScript_Keyword@327bcebd]" started-at="2023-06-07T15:52:11 ICT" name="excute_Cart" finished-at="2023-06-07T15:53:35 ICT" duration-ms="84063" status="PASS">
          <reporter-output>
          </reporter-output>
        </test-method> <!-- excute_Cart -->
        <test-method signature="excute_Order()[pri:5, instance:executionEngine.TestScript_Keyword@327bcebd]" started-at="2023-06-07T15:53:35 ICT" name="excute_Order" finished-at="2023-06-07T15:54:46 ICT" duration-ms="70921" status="PASS">
          <reporter-output>
          </reporter-output>
        </test-method> <!-- excute_Order -->
      </class> <!-- executionEngine.TestScript_Keyword -->
    </test> <!-- Default test -->
  </suite> <!-- Default suite -->
</testng-results>
